<?xml version="1.0" encoding="UTF-8"?>
<testsuite name="AuthorTest" tests="3" skipped="0" failures="0" errors="0" timestamp="2022-01-27T02:45:45" hostname="MacBook-Air.local" time="0.08">
  <properties/>
  <testcase name="getAddress()" classname="AuthorTest" time="0.072"/>
  <testcase name="getName()" classname="AuthorTest" time="0.003"/>
  <testcase name="getEmail()" classname="AuthorTest" time="0.001"/>
  <system-out><![CDATA[]]></system-out>
  <system-err><![CDATA[]]></system-err>
</testsuite>
