<?xml version="1.0" encoding="UTF-8"?>
<testsuite name="problem3.AccountTest" tests="7" skipped="0" failures="0" errors="0" timestamp="2022-02-05T04:16:53" hostname="MacBook-Air.local" time="0.013">
  <properties/>
  <testcase name="withdraw()" classname="problem3.AccountTest" time="0.001"/>
  <testcase name="getFirstName()" classname="problem3.AccountTest" time="0.001"/>
  <testcase name="getAmount()" classname="problem3.AccountTest" time="0.002"/>
  <testcase name="setLastName()" classname="problem3.AccountTest" time="0.002"/>
  <testcase name="getLastName()" classname="problem3.AccountTest" time="0.001"/>
  <testcase name="deposit()" classname="problem3.AccountTest" time="0.001"/>
  <testcase name="setFirstName()" classname="problem3.AccountTest" time="0.0"/>
  <system-out><![CDATA[]]></system-out>
  <system-err><![CDATA[]]></system-err>
</testsuite>
