<?xml version="1.0" encoding="UTF-8"?>
<testsuite name="problem2.TimeTest" tests="6" skipped="0" failures="0" errors="0" timestamp="2022-02-05T04:16:53" hostname="MacBook-Air.local" time="0.02">
  <properties/>
  <testcase name="getSeconds()" classname="problem2.TimeTest" time="0.001"/>
  <testcase name="setMinutes()" classname="problem2.TimeTest" time="0.001"/>
  <testcase name="setSeconds()" classname="problem2.TimeTest" time="0.001"/>
  <testcase name="setHours()" classname="problem2.TimeTest" time="0.003"/>
  <testcase name="getHours()" classname="problem2.TimeTest" time="0.004"/>
  <testcase name="getMinutes()" classname="problem2.TimeTest" time="0.0"/>
  <system-out><![CDATA[]]></system-out>
  <system-err><![CDATA[]]></system-err>
</testsuite>
