<?xml version="1.0" encoding="UTF-8"?>
<testsuite name="problem2.TripTest" tests="9" skipped="0" failures="0" errors="0" timestamp="2022-02-05T04:16:53" hostname="MacBook-Air.local" time="0.03">
  <properties/>
  <testcase name="getStartTime()" classname="problem2.TripTest" time="0.002"/>
  <testcase name="setEndLocation()" classname="problem2.TripTest" time="0.002"/>
  <testcase name="setStartLocation()" classname="problem2.TripTest" time="0.0"/>
  <testcase name="setStartTime()" classname="problem2.TripTest" time="0.001"/>
  <testcase name="getEndTime()" classname="problem2.TripTest" time="0.002"/>
  <testcase name="getEndLocation()" classname="problem2.TripTest" time="0.003"/>
  <testcase name="getDuration()" classname="problem2.TripTest" time="0.001"/>
  <testcase name="getStartLocation()" classname="problem2.TripTest" time="0.001"/>
  <testcase name="setEndTime()" classname="problem2.TripTest" time="0.004"/>
  <system-out><![CDATA[]]></system-out>
  <system-err><![CDATA[]]></system-err>
</testsuite>
