<?xml version="1.0" encoding="UTF-8"?>
<testsuite name="assignment2.problem2.RecipientTest" tests="6" skipped="0" failures="0" errors="0" timestamp="2022-02-19T03:13:40" hostname="MacBook-Air.local" time="0.006">
  <properties/>
  <testcase name="testToString()" classname="assignment2.problem2.RecipientTest" time="0.001"/>
  <testcase name="getFirstName()" classname="assignment2.problem2.RecipientTest" time="0.001"/>
  <testcase name="getEmailAddress()" classname="assignment2.problem2.RecipientTest" time="0.001"/>
  <testcase name="getLastName()" classname="assignment2.problem2.RecipientTest" time="0.0"/>
  <testcase name="testHashCode()" classname="assignment2.problem2.RecipientTest" time="0.001"/>
  <testcase name="testEquals()" classname="assignment2.problem2.RecipientTest" time="0.0"/>
  <system-out><![CDATA[]]></system-out>
  <system-err><![CDATA[]]></system-err>
</testsuite>
