<?xml version="1.0" encoding="UTF-8"?>
<testsuite name="assignment2.problem2.MailItemTest" tests="8" skipped="0" failures="0" errors="0" timestamp="2022-02-19T03:13:40" hostname="MacBook-Air.local" time="0.02">
  <properties/>
  <testcase name="testToString()" classname="assignment2.problem2.MailItemTest" time="0.01"/>
  <testcase name="invalidSize()" classname="assignment2.problem2.MailItemTest" time="0.001"/>
  <testcase name="getHeight()" classname="assignment2.problem2.MailItemTest" time="0.002"/>
  <testcase name="getRecipient()" classname="assignment2.problem2.MailItemTest" time="0.0"/>
  <testcase name="testHashCode()" classname="assignment2.problem2.MailItemTest" time="0.0"/>
  <testcase name="testEquals()" classname="assignment2.problem2.MailItemTest" time="0.001"/>
  <testcase name="getDepth()" classname="assignment2.problem2.MailItemTest" time="0.001"/>
  <testcase name="getWidth()" classname="assignment2.problem2.MailItemTest" time="0.001"/>
  <system-out><![CDATA[]]></system-out>
  <system-err><![CDATA[]]></system-err>
</testsuite>
