<?xml version="1.0" encoding="UTF-8"?>
<testsuite name="problem1.CourseCatalogTest" tests="12" skipped="0" failures="0" errors="0" timestamp="2022-03-04T22:16:59" hostname="MacBook-Air.local" time="0.067">
  <properties/>
  <testcase name="append()" classname="problem1.CourseCatalogTest" time="0.001"/>
  <testcase name="testToString()" classname="problem1.CourseCatalogTest" time="0.014"/>
  <testcase name="remove()" classname="problem1.CourseCatalogTest" time="0.0"/>
  <testcase name="contains()" classname="problem1.CourseCatalogTest" time="0.001"/>
  <testcase name="testCourseNotFound()" classname="problem1.CourseCatalogTest" time="0.008"/>
  <testcase name="get()" classname="problem1.CourseCatalogTest" time="0.001"/>
  <testcase name="count()" classname="problem1.CourseCatalogTest" time="0.002"/>
  <testcase name="testHashCode()" classname="problem1.CourseCatalogTest" time="0.001"/>
  <testcase name="testEquals()" classname="problem1.CourseCatalogTest" time="0.0"/>
  <testcase name="testInvalidIndex()" classname="problem1.CourseCatalogTest" time="0.004"/>
  <testcase name="indexOf()" classname="problem1.CourseCatalogTest" time="0.004"/>
  <testcase name="isEmpty()" classname="problem1.CourseCatalogTest" time="0.006"/>
  <system-out><![CDATA[]]></system-out>
  <system-err><![CDATA[]]></system-err>
</testsuite>
