<?xml version="1.0" encoding="UTF-8"?>
<testsuite name="problem1.CourseTest" tests="3" skipped="0" failures="0" errors="0" timestamp="2022-03-04T22:16:59" hostname="MacBook-Air.local" time="0.189">
  <properties/>
  <testcase name="testToString()" classname="problem1.CourseTest" time="0.171"/>
  <testcase name="testHashCode()" classname="problem1.CourseTest" time="0.005"/>
  <testcase name="testEquals()" classname="problem1.CourseTest" time="0.009"/>
  <system-out><![CDATA[]]></system-out>
  <system-err><![CDATA[]]></system-err>
</testsuite>
