<?xml version="1.0" encoding="UTF-8"?>
<testsuite name="Problem1AndProblem2.FleetManagerTest" tests="1" skipped="0" failures="0" errors="0" timestamp="2022-03-03T03:22:54" hostname="MacBook-Air.local" time="0.091">
  <properties/>
  <testcase name="drive()" classname="Problem1AndProblem2.FleetManagerTest" time="0.091"/>
  <system-out><![CDATA[]]></system-out>
  <system-err><![CDATA[]]></system-err>
</testsuite>
