<?xml version="1.0" encoding="UTF-8"?>
<testsuite name="Problem1AndProblem2.BusTest" tests="6" skipped="0" failures="0" errors="0" timestamp="2022-03-03T03:22:54" hostname="MacBook-Air.local" time="0.016">
  <properties/>
  <testcase name="testGetId()" classname="Problem1AndProblem2.BusTest" time="0.001"/>
  <testcase name="testToString()" classname="Problem1AndProblem2.BusTest" time="0.003"/>
  <testcase name="testGetAvgSpeed()" classname="Problem1AndProblem2.BusTest" time="0.0"/>
  <testcase name="testHashCode()" classname="Problem1AndProblem2.BusTest" time="0.002"/>
  <testcase name="testEquals()" classname="Problem1AndProblem2.BusTest" time="0.003"/>
  <testcase name="testGetMaxSpeed()" classname="Problem1AndProblem2.BusTest" time="0.001"/>
  <system-out><![CDATA[]]></system-out>
  <system-err><![CDATA[]]></system-err>
</testsuite>
