<?xml version="1.0" encoding="UTF-8"?>
<testsuite name="Problem1AndProblem2.TripReportTest" tests="7" skipped="0" failures="0" errors="0" timestamp="2022-03-03T03:22:54" hostname="MacBook-Air.local" time="0.025">
  <properties/>
  <testcase name="getDistance()" classname="Problem1AndProblem2.TripReportTest" time="0.001"/>
  <testcase name="testToString()" classname="Problem1AndProblem2.TripReportTest" time="0.012"/>
  <testcase name="getDuration()" classname="Problem1AndProblem2.TripReportTest" time="0.0"/>
  <testcase name="testHashCode()" classname="Problem1AndProblem2.TripReportTest" time="0.002"/>
  <testcase name="testEquals()" classname="Problem1AndProblem2.TripReportTest" time="0.001"/>
  <testcase name="getVehicle()" classname="Problem1AndProblem2.TripReportTest" time="0.0"/>
  <testcase name="getSpeed()" classname="Problem1AndProblem2.TripReportTest" time="0.001"/>
  <system-out><![CDATA[]]></system-out>
  <system-err><![CDATA[]]></system-err>
</testsuite>
