<?xml version="1.0" encoding="UTF-8"?>
<testsuite name="problem1.PaintersTest" tests="2" skipped="0" failures="0" errors="0" timestamp="2022-02-23T22:39:04" hostname="MacBook-Air.local" time="0.003">
  <properties/>
  <testcase name="receiveAward()" classname="problem1.PaintersTest" time="0.001"/>
  <testcase name="getExhibits()" classname="problem1.PaintersTest" time="0.001"/>
  <system-out><![CDATA[]]></system-out>
  <system-err><![CDATA[]]></system-err>
</testsuite>
