<?xml version="1.0" encoding="UTF-8"?>
<testsuite name="problem2.NodeTest" tests="3" skipped="0" failures="0" errors="0" timestamp="2022-02-23T22:39:04" hostname="MacBook-Air.local" time="0.003">
  <properties/>
  <testcase name="testGetNext()" classname="problem2.NodeTest" time="0.0"/>
  <testcase name="testGetStringValue()" classname="problem2.NodeTest" time="0.001"/>
  <testcase name="testSetNext()" classname="problem2.NodeTest" time="0.0"/>
  <system-out><![CDATA[]]></system-out>
  <system-err><![CDATA[]]></system-err>
</testsuite>
