<?xml version="1.0" encoding="UTF-8"?>
<testsuite name="problem1.ElectricalTest" tests="7" skipped="0" failures="0" errors="0" timestamp="2022-02-28T17:59:06" hostname="MacBook-Air.local" time="0.013">
  <properties/>
  <testcase name="isValidLicensed()" classname="problem1.ElectricalTest" time="0.001"/>
  <testcase name="calculateDiscountFee()" classname="problem1.ElectricalTest" time="0.0"/>
  <testcase name="calculateAdditionalFee()" classname="problem1.ElectricalTest" time="0.001"/>
  <testcase name="testToString()" classname="problem1.ElectricalTest" time="0.002"/>
  <testcase name="calculatePrice()" classname="problem1.ElectricalTest" time="0.0"/>
  <testcase name="isInvalidNumberOfLicensed()" classname="problem1.ElectricalTest" time="0.003"/>
  <testcase name="calculateBaseFee()" classname="problem1.ElectricalTest" time="0.001"/>
  <system-out><![CDATA[]]></system-out>
  <system-err><![CDATA[]]></system-err>
</testsuite>
