<?xml version="1.0" encoding="UTF-8"?>
<testsuite name="problem1.PlumbingTest" tests="7" skipped="0" failures="0" errors="0" timestamp="2022-02-28T17:59:06" hostname="MacBook-Air.local" time="0.188">
  <properties/>
  <testcase name="calculateDiscountFee()" classname="problem1.PlumbingTest" time="0.129"/>
  <testcase name="calculateAdditionalFee()" classname="problem1.PlumbingTest" time="0.002"/>
  <testcase name="testToString()" classname="problem1.PlumbingTest" time="0.037"/>
  <testcase name="calculatePrice()" classname="problem1.PlumbingTest" time="0.0"/>
  <testcase name="calculateBaseFee()" classname="problem1.PlumbingTest" time="0.001"/>
  <testcase name="testHashCode()" classname="problem1.PlumbingTest" time="0.006"/>
  <testcase name="testEquals()" classname="problem1.PlumbingTest" time="0.003"/>
  <system-out><![CDATA[]]></system-out>
  <system-err><![CDATA[]]></system-err>
</testsuite>
