<?xml version="1.0" encoding="UTF-8"?>
<testsuite name="problem1.WindowCleaningTest" tests="7" skipped="0" failures="0" errors="0" timestamp="2022-02-28T17:59:06" hostname="MacBook-Air.local" time="0.03">
  <properties/>
  <testcase name="isValidNumberOfFloors()" classname="problem1.WindowCleaningTest" time="0.007"/>
  <testcase name="calculateAdditionalFee()" classname="problem1.WindowCleaningTest" time="0.0"/>
  <testcase name="testToString()" classname="problem1.WindowCleaningTest" time="0.005"/>
  <testcase name="calculateBaseFee()" classname="problem1.WindowCleaningTest" time="0.001"/>
  <testcase name="testHashCode()" classname="problem1.WindowCleaningTest" time="0.001"/>
  <testcase name="getNumberOfFloors()" classname="problem1.WindowCleaningTest" time="0.002"/>
  <testcase name="testEquals()" classname="problem1.WindowCleaningTest" time="0.001"/>
  <system-out><![CDATA[]]></system-out>
  <system-err><![CDATA[]]></system-err>
</testsuite>
