<?xml version="1.0" encoding="UTF-8"?>
<testsuite name="problem1.CleaningTest" tests="9" skipped="0" failures="0" errors="0" timestamp="2022-02-28T17:59:06" hostname="MacBook-Air.local" time="0.029">
  <properties/>
  <testcase name="calculateDiscountFee()" classname="problem1.CleaningTest" time="0.004"/>
  <testcase name="calculateAdditionalFee()" classname="problem1.CleaningTest" time="0.002"/>
  <testcase name="testToString()" classname="problem1.CleaningTest" time="0.002"/>
  <testcase name="calculatePrice()" classname="problem1.CleaningTest" time="0.001"/>
  <testcase name="getAddress()" classname="problem1.CleaningTest" time="0.001"/>
  <testcase name="getSize()" classname="problem1.CleaningTest" time="0.0"/>
  <testcase name="calculateBaseFee()" classname="problem1.CleaningTest" time="0.001"/>
  <testcase name="testHashCode()" classname="problem1.CleaningTest" time="0.001"/>
  <testcase name="testEquals()" classname="problem1.CleaningTest" time="0.001"/>
  <system-out><![CDATA[]]></system-out>
  <system-err><![CDATA[]]></system-err>
</testsuite>
