<?xml version="1.0" encoding="UTF-8"?>
<testsuite name="problem1.RunnerTest" tests="6" skipped="0" failures="0" errors="0" timestamp="2022-02-10T22:12:27" hostname="MacBook-Air.local" time="0.025">
  <properties/>
  <testcase name="setBestHalfMarathonTime()" classname="problem1.RunnerTest" time="0.004"/>
  <testcase name="setFavoriteRunningEvent()" classname="problem1.RunnerTest" time="0.002"/>
  <testcase name="getBest5KTime()" classname="problem1.RunnerTest" time="0.003"/>
  <testcase name="setBest5KTime()" classname="problem1.RunnerTest" time="0.001"/>
  <testcase name="getBestHalfMarathonTime()" classname="problem1.RunnerTest" time="0.001"/>
  <testcase name="getFavoriteRunningEvent()" classname="problem1.RunnerTest" time="0.005"/>
  <system-out><![CDATA[]]></system-out>
  <system-err><![CDATA[]]></system-err>
</testsuite>
