<?xml version="1.0" encoding="UTF-8"?>
<testsuite name="problem1.NameTest" tests="6" skipped="0" failures="0" errors="0" timestamp="2022-02-10T22:12:27" hostname="MacBook-Air.local" time="0.017">
  <properties/>
  <testcase name="getMiddleName()" classname="problem1.NameTest" time="0.001"/>
  <testcase name="setMiddleName()" classname="problem1.NameTest" time="0.003"/>
  <testcase name="getFirstName()" classname="problem1.NameTest" time="0.002"/>
  <testcase name="setLastName()" classname="problem1.NameTest" time="0.001"/>
  <testcase name="getLastName()" classname="problem1.NameTest" time="0.001"/>
  <testcase name="setFirstName()" classname="problem1.NameTest" time="0.002"/>
  <system-out><![CDATA[]]></system-out>
  <system-err><![CDATA[]]></system-err>
</testsuite>
