<?xml version="1.0" encoding="UTF-8"?>
<testsuite name="problem2.MusicTest" tests="7" skipped="0" failures="0" errors="0" timestamp="2022-03-18T18:29:30" hostname="MacBook-Air.local" time="0.01">
  <properties/>
  <testcase name="containKeyword()" classname="problem2.MusicTest" time="0.002"/>
  <testcase name="testToString()" classname="problem2.MusicTest" time="0.0"/>
  <testcase name="getReleasedYear()" classname="problem2.MusicTest" time="0.001"/>
  <testcase name="testHashCode()" classname="problem2.MusicTest" time="0.001"/>
  <testcase name="testEquals()" classname="problem2.MusicTest" time="0.0"/>
  <testcase name="getTitle()" classname="problem2.MusicTest" time="0.0"/>
  <testcase name="getCreator()" classname="problem2.MusicTest" time="0.001"/>
  <system-out><![CDATA[]]></system-out>
  <system-err><![CDATA[]]></system-err>
</testsuite>
