<?xml version="1.0" encoding="UTF-8"?>
<testsuite name="problem2.AuthorTest" tests="6" skipped="0" failures="0" errors="0" timestamp="2022-03-18T18:29:30" hostname="MacBook-Air.local" time="0.006">
  <properties/>
  <testcase name="testToString()" classname="problem2.AuthorTest" time="0.002"/>
  <testcase name="getFirstName()" classname="problem2.AuthorTest" time="0.0"/>
  <testcase name="getLastName()" classname="problem2.AuthorTest" time="0.001"/>
  <testcase name="containCreator()" classname="problem2.AuthorTest" time="0.001"/>
  <testcase name="testHashCode()" classname="problem2.AuthorTest" time="0.0"/>
  <testcase name="testEquals()" classname="problem2.AuthorTest" time="0.001"/>
  <system-out><![CDATA[]]></system-out>
  <system-err><![CDATA[]]></system-err>
</testsuite>
