<?xml version="1.0" encoding="UTF-8"?>
<testsuite name="problem1.NonProfitTest" tests="9" skipped="0" failures="0" errors="0" timestamp="2022-03-18T18:29:30" hostname="MacBook-Air.local" time="0.017">
  <properties/>
  <testcase name="testToString()" classname="problem1.NonProfitTest" time="0.005"/>
  <testcase name="remove()" classname="problem1.NonProfitTest" time="0.001"/>
  <testcase name="receiveDonation()" classname="problem1.NonProfitTest" time="0.001"/>
  <testcase name="getName()" classname="problem1.NonProfitTest" time="0.0"/>
  <testcase name="testHashCode()" classname="problem1.NonProfitTest" time="0.0"/>
  <testcase name="removeAllDonations()" classname="problem1.NonProfitTest" time="0.001"/>
  <testcase name="getTotalDonationsForYear()" classname="problem1.NonProfitTest" time="0.001"/>
  <testcase name="getCollections()" classname="problem1.NonProfitTest" time="0.001"/>
  <testcase name="testEquals()" classname="problem1.NonProfitTest" time="0.001"/>
  <system-out><![CDATA[]]></system-out>
  <system-err><![CDATA[]]></system-err>
</testsuite>
