<?xml version="1.0" encoding="UTF-8"?>
<testsuite name="problem1.MonthlyDonationTest" tests="7" skipped="0" failures="0" errors="0" timestamp="2022-03-18T18:29:30" hostname="MacBook-Air.local" time="0.012">
  <properties/>
  <testcase name="setCancellationDateTime()" classname="problem1.MonthlyDonationTest" time="0.001"/>
  <testcase name="isValidCancellationTime()" classname="problem1.MonthlyDonationTest" time="0.003"/>
  <testcase name="testToString()" classname="problem1.MonthlyDonationTest" time="0.001"/>
  <testcase name="calculateDonationThisYear()" classname="problem1.MonthlyDonationTest" time="0.001"/>
  <testcase name="getCancellationDateTime()" classname="problem1.MonthlyDonationTest" time="0.0"/>
  <testcase name="testHashCode()" classname="problem1.MonthlyDonationTest" time="0.0"/>
  <testcase name="testEquals()" classname="problem1.MonthlyDonationTest" time="0.001"/>
  <system-out><![CDATA[]]></system-out>
  <system-err><![CDATA[]]></system-err>
</testsuite>
