<?xml version="1.0" encoding="UTF-8"?>
<testsuite name="problem2.BandTest" tests="7" skipped="0" failures="0" errors="0" timestamp="2022-03-18T18:29:30" hostname="MacBook-Air.local" time="0.011">
  <properties/>
  <testcase name="testToString()" classname="problem2.BandTest" time="0.002"/>
  <testcase name="removeMember()" classname="problem2.BandTest" time="0.0"/>
  <testcase name="addMember()" classname="problem2.BandTest" time="0.0"/>
  <testcase name="getName()" classname="problem2.BandTest" time="0.0"/>
  <testcase name="containCreator()" classname="problem2.BandTest" time="0.001"/>
  <testcase name="testHashCode()" classname="problem2.BandTest" time="0.001"/>
  <testcase name="testEquals()" classname="problem2.BandTest" time="0.0"/>
  <system-out><![CDATA[]]></system-out>
  <system-err><![CDATA[]]></system-err>
</testsuite>
