<?xml version="1.0" encoding="UTF-8"?>
<testsuite name="problem2.CatalogTest" tests="9" skipped="0" failures="0" errors="0" timestamp="2022-03-18T18:29:30" hostname="MacBook-Air.local" time="0.022">
  <properties/>
  <testcase name="searchKeywords()" classname="problem2.CatalogTest" time="0.001"/>
  <testcase name="searchRecordingArtist()" classname="problem2.CatalogTest" time="0.002"/>
  <testcase name="testToString()" classname="problem2.CatalogTest" time="0.012"/>
  <testcase name="remove()" classname="problem2.CatalogTest" time="0.001"/>
  <testcase name="searchAuthor()" classname="problem2.CatalogTest" time="0.0"/>
  <testcase name="add()" classname="problem2.CatalogTest" time="0.0"/>
  <testcase name="testHashCode()" classname="problem2.CatalogTest" time="0.0"/>
  <testcase name="testEquals()" classname="problem2.CatalogTest" time="0.001"/>
  <testcase name="getItemsCollection()" classname="problem2.CatalogTest" time="0.0"/>
  <system-out><![CDATA[]]></system-out>
  <system-err><![CDATA[]]></system-err>
</testsuite>
