<?xml version="1.0" encoding="UTF-8"?>
<testsuite name="problem2.RecordingArtistTest" tests="2" skipped="0" failures="0" errors="0" timestamp="2022-03-18T18:29:30" hostname="MacBook-Air.local" time="0.001">
  <properties/>
  <testcase name="testToString()" classname="problem2.RecordingArtistTest" time="0.0"/>
  <testcase name="containCreator()" classname="problem2.RecordingArtistTest" time="0.0"/>
  <system-out><![CDATA[]]></system-out>
  <system-err><![CDATA[]]></system-err>
</testsuite>
