<?xml version="1.0" encoding="UTF-8"?>
<testsuite name="problem1.OneTimeDonationTest" tests="4" skipped="0" failures="0" errors="0" timestamp="2022-03-18T18:29:30" hostname="MacBook-Air.local" time="0.006">
  <properties/>
  <testcase name="testToString()" classname="problem1.OneTimeDonationTest" time="0.001"/>
  <testcase name="calculateDonationThisYear()" classname="problem1.OneTimeDonationTest" time="0.001"/>
  <testcase name="testHashCode()" classname="problem1.OneTimeDonationTest" time="0.001"/>
  <testcase name="testEquals()" classname="problem1.OneTimeDonationTest" time="0.0"/>
  <system-out><![CDATA[]]></system-out>
  <system-err><![CDATA[]]></system-err>
</testsuite>
