<?xml version="1.0" encoding="UTF-8"?>
<testsuite name="problem1.RiceTest" tests="5" skipped="0" failures="0" errors="0" timestamp="2022-02-17T22:48:50" hostname="MacBook-Air.local" time="0.113">
  <properties/>
  <testcase name="tooLargeQuantity()" classname="problem1.RiceTest" time="0.093"/>
  <testcase name="getName()" classname="problem1.RiceTest" time="0.009"/>
  <testcase name="getMaxAllowed()" classname="problem1.RiceTest" time="0.001"/>
  <testcase name="getQuantity()" classname="problem1.RiceTest" time="0.001"/>
  <testcase name="getPrice()" classname="problem1.RiceTest" time="0.001"/>
  <system-out><![CDATA[]]></system-out>
  <system-err><![CDATA[]]></system-err>
</testsuite>
