<?xml version="1.0" encoding="UTF-8"?>
<testsuite name="problem1.PastaTest" tests="3" skipped="0" failures="0" errors="0" timestamp="2022-02-17T22:48:50" hostname="MacBook-Air.local" time="0.007">
  <properties/>
  <testcase name="getName()" classname="problem1.PastaTest" time="0.003"/>
  <testcase name="getQuantity()" classname="problem1.PastaTest" time="0.0"/>
  <testcase name="getPrice()" classname="problem1.PastaTest" time="0.003"/>
  <system-out><![CDATA[]]></system-out>
  <system-err><![CDATA[]]></system-err>
</testsuite>
