<?xml version="1.0" encoding="UTF-8"?>
<testsuite name="problem1.VegetableTest" tests="5" skipped="0" failures="0" errors="0" timestamp="2022-02-17T22:48:50" hostname="MacBook-Air.local" time="0.016">
  <properties/>
  <testcase name="getAvaQuantity()" classname="problem1.VegetableTest" time="0.003"/>
  <testcase name="getExpirationDate()" classname="problem1.VegetableTest" time="0.001"/>
  <testcase name="getOrderDate()" classname="problem1.VegetableTest" time="0.001"/>
  <testcase name="getName()" classname="problem1.VegetableTest" time="0.001"/>
  <testcase name="getPrice()" classname="problem1.VegetableTest" time="0.005"/>
  <system-out><![CDATA[]]></system-out>
  <system-err><![CDATA[]]></system-err>
</testsuite>
