<?xml version="1.0" encoding="UTF-8"?>
<testsuite name="problem2.MarineTest" tests="2" skipped="0" failures="0" errors="0" timestamp="2022-02-17T22:48:50" hostname="MacBook-Air.local" time="0.002">
  <properties/>
  <testcase name="increase()" classname="problem2.MarineTest" time="0.001"/>
  <testcase name="decrease()" classname="problem2.MarineTest" time="0.0"/>
  <system-out><![CDATA[]]></system-out>
  <system-err><![CDATA[]]></system-err>
</testsuite>
